<?xml version="1.0" encoding="UTF-8"?>
<!-- Generated by org.testng.reporters.JUnitReportReporter -->
<testsuite hostname="DESKTOP-HC6DSE1" failures="0" tests="1" name="practice.orgtest.CreateOrganizationWithIndustryTest" time="25.844" errors="0" timestamp="2024-07-16T13:33:08 IST" skipped="0">
  <testcase classname="practice.orgtest.CreateOrganizationWithIndustryTest" name="createorgTest" time="25.844"/>
  <system-out/>
</testsuite> <!-- practice.orgtest.CreateOrganizationWithIndustryTest -->
