<?xml version="1.0" encoding="UTF-8"?>
<!-- Generated by org.testng.reporters.JUnitReportReporter -->
<testsuite hostname="DESKTOP-HC6DSE1" failures="0" tests="2" name="practice.orgtest.VerifyHomePageTest" time="18.117" errors="0" timestamp="2024-07-18T12:35:15 IST" skipped="0">
  <testcase classname="practice.orgtest.VerifyHomePageTest" name="homePageverifytest" time="9.394"/>
  <system-out/>
  <testcase classname="practice.orgtest.VerifyHomePageTest" name="logoVerifytest" time="8.723"/>
  <system-out/>
</testsuite> <!-- practice.orgtest.VerifyHomePageTest -->
