<?xml version="1.0" encoding="UTF-8"?>
<!-- Generated by org.testng.reporters.JUnitReportReporter -->
<testsuite hostname="DESKTOP-HC6DSE1" failures="0" tests="1" name="practice.orgtest.CreateOrganizationTest" time="23.434" errors="0" timestamp="2024-07-16T14:27:56 IST" skipped="0">
  <testcase classname="practice.orgtest.CreateOrganizationTest" name="createOrgTest" time="23.434"/>
  <system-out/>
</testsuite> <!-- practice.orgtest.CreateOrganizationTest -->
