<?xml version="1.0" encoding="UTF-8"?>
<!-- Generated by org.testng.reporters.JUnitReportReporter -->
<testsuite hostname="DESKTOP-HC6DSE1" failures="0" tests="1" name="practice.contacttest.CreateContactwithSupportDate" time="23.355" errors="0" timestamp="2024-07-16T16:28:21 IST" skipped="0">
  <testcase classname="practice.contacttest.CreateContactwithSupportDate" name="createContactWithSupportDateTest" time="23.355"/>
  <system-out/>
</testsuite> <!-- practice.contacttest.CreateContactwithSupportDate -->
