<?xml version="1.0" encoding="UTF-8"?>
<!-- Generated by org.testng.reporters.JUnitReportReporter -->
<testsuite hostname="DESKTOP-HC6DSE1" failures="0" tests="1" name="practice.contacttest.Createconwithorg" time="43.509" errors="0" timestamp="2024-07-16T15:30:07 IST" skipped="0">
  <testcase classname="practice.contacttest.Createconwithorg" name="createContactWithOrgTest" time="43.509"/>
  <system-out/>
</testsuite> <!-- practice.contacttest.Createconwithorg -->
