<?xml version="1.0" encoding="UTF-8"?>
<!-- Generated by org.testng.reporters.JUnitReportReporter -->
<testsuite hostname="DESKTOP-HC6DSE1" failures="0" tests="1" name="practice.orgtest.CreateOrgWithPhone" time="24.275" errors="0" timestamp="2024-07-16T13:34:56 IST" skipped="0">
  <testcase classname="practice.orgtest.CreateOrgWithPhone" name="createOrgWithPhone" time="24.275"/>
  <system-out/>
</testsuite> <!-- practice.orgtest.CreateOrgWithPhone -->
