<?xml version="1.0" encoding="UTF-8"?>
<!-- Generated by org.testng.reporters.JUnitReportReporter -->
<testsuite hostname="DESKTOP-HC6DSE1" failures="0" tests="1" name="com.comcast.crm.basetest.BrowserLaunch" time="0.664" errors="0" timestamp="2024-07-23T12:35:19 IST" skipped="0">
  <testcase classname="com.comcast.crm.basetest.BrowserLaunch" name="createContactTest" time="0.664"/>
  <system-out/>
</testsuite> <!-- com.comcast.crm.basetest.BrowserLaunch -->
