<?xml version="1.0" encoding="UTF-8"?>
<!-- Generated by org.testng.reporters.JUnitReportReporter -->
<testsuite hostname="DESKTOP-HC6DSE1" failures="0" tests="1" name="practice.orgtest.VerifyHomePage" time="6.588" errors="0" timestamp="2024-07-17T16:05:28 IST" skipped="0">
  <testcase classname="practice.orgtest.VerifyHomePage" name="HomePageverify" time="6.588"/>
  <system-out/>
</testsuite> <!-- practice.orgtest.VerifyHomePage -->
