<?xml version="1.0" encoding="UTF-8"?>
<!-- Generated by org.testng.reporters.JUnitReportReporter -->
<testsuite hostname="DESKTOP-HC6DSE1" failures="0" tests="1" name="VTiger_TestCases.UsingMySql" time="0.421" errors="0" timestamp="2024-06-28T16:07:43 IST" skipped="0">
  <testcase classname="VTiger_TestCases.UsingMySql" name="usingSelectQuery" time="0.421"/>
  <system-out/>
</testsuite> <!-- VTiger_TestCases.UsingMySql -->
