<?xml version="1.0" encoding="UTF-8"?>
<!-- Generated by org.testng.reporters.JUnitReportReporter -->
<testsuite hostname="DESKTOP-HC6DSE1" failures="0" tests="6" name="VTiger_TestCases.DataProviderCreate" time="57.584" errors="0" timestamp="2024-07-15T15:28:36 IST" skipped="0">
  <testcase classname="VTiger_TestCases.DataProviderCreate" name="createContactTest" time="8.211"/>
  <system-out/>
  <testcase classname="VTiger_TestCases.DataProviderCreate" name="createContactTest" time="14.862"/>
  <system-out/>
  <testcase classname="VTiger_TestCases.DataProviderCreate" name="createContactTest" time="8.985"/>
  <system-out/>
  <testcase classname="VTiger_TestCases.DataProviderCreate" name="createContactTest" time="8.456"/>
  <system-out/>
  <testcase classname="VTiger_TestCases.DataProviderCreate" name="createContactTest" time="8.902"/>
  <system-out/>
  <testcase classname="VTiger_TestCases.DataProviderCreate" name="createContactTest" time="8.168"/>
  <system-out/>
</testsuite> <!-- VTiger_TestCases.DataProviderCreate -->
