<?xml version="1.0" encoding="UTF-8"?>
<!-- Generated by org.testng.reporters.JUnitReportReporter -->
<testsuite hostname="DESKTOP-HC6DSE1" failures="0" tests="1" name="VTiger_TestCases.CreateContactWithDP" time="11.248" errors="0" timestamp="2024-07-15T14:41:19 IST" skipped="0">
  <testcase classname="VTiger_TestCases.CreateContactWithDP" name="createTest" time="11.248"/>
  <system-out/>
</testsuite> <!-- VTiger_TestCases.CreateContactWithDP -->
