<?xml version="1.0" encoding="UTF-8"?>
<!-- Generated by org.testng.reporters.JUnitReportReporter -->
<testsuite hostname="DESKTOP-HC6DSE1" failures="0" tests="3" name="com.comcast.crm.org.OrgModuleTest" time="32.886" errors="0" timestamp="2024-07-18T11:19:01 IST" skipped="0">
  <testcase classname="com.comcast.crm.org.OrgModuleTest" name="createOrgTest" time="10.669"/>
  <system-out/>
  <testcase classname="com.comcast.crm.org.OrgModuleTest" name="createOrgWithPhone" time="11.548"/>
  <system-out/>
  <testcase classname="com.comcast.crm.org.OrgModuleTest" name="createorgWithIndTest" time="10.669"/>
  <system-out/>
</testsuite> <!-- com.comcast.crm.org.OrgModuleTest -->
