<?xml version="1.0" encoding="UTF-8"?>
<!-- Generated by org.testng.reporters.JUnitReportReporter -->
<testsuite hostname="DESKTOP-HC6DSE1" failures="0" tests="1" name="practice.contacttest.CreateContact" time="21.797" errors="0" timestamp="2024-07-16T16:27:17 IST" skipped="0">
  <testcase classname="practice.contacttest.CreateContact" name="createContactTest" time="21.797"/>
  <system-out/>
</testsuite> <!-- practice.contacttest.CreateContact -->
