<?xml version="1.0" encoding="UTF-8"?>
<!-- Generated by org.testng.reporters.JUnitReportReporter -->
<testsuite hostname="DESKTOP-HC6DSE1" failures="0" tests="1" name="VTiger_TestCases.VTiger_Org_Test" time="6.436" errors="0" timestamp="2024-06-28T12:00:41 IST" skipped="0">
  <testcase classname="VTiger_TestCases.VTiger_Org_Test" name="createOrgTest" time="6.436"/>
  <system-out/>
</testsuite> <!-- VTiger_TestCases.VTiger_Org_Test -->
