<?xml version="1.0" encoding="UTF-8"?>
<!-- Generated by org.testng.reporters.JUnitReportReporter -->
<testsuite hostname="DESKTOP-HC6DSE1" failures="0" tests="1" name="VTiger_TestCases.CreateNinjaProjectAndVerifytest" time="0.000" errors="0" timestamp="2024-07-03T10:27:48 IST" skipped="1">
  <testcase classname="VTiger_TestCases.CreateNinjaProjectAndVerifytest" name="createOrgTest" time="0.000">
    <skipped/>
  </testcase> <!-- createOrgTest -->
  <system-out/>
</testsuite> <!-- VTiger_TestCases.CreateNinjaProjectAndVerifytest -->
